mode: set
rent-car/storage/postgres/car.go:17.43,21.2 1 1
rent-car/storage/postgres/car.go:23.92,50.16 4 1
rent-car/storage/postgres/car.go:50.16,52.3 1 0
rent-car/storage/postgres/car.go:54.2,54.16 1 1
rent-car/storage/postgres/car.go:57.92,80.16 3 1
rent-car/storage/postgres/car.go:80.16,82.3 1 0
rent-car/storage/postgres/car.go:84.2,84.20 1 1
rent-car/storage/postgres/car.go:87.94,130.16 5 1
rent-car/storage/postgres/car.go:130.16,132.3 1 1
rent-car/storage/postgres/car.go:134.2,144.17 10 1
rent-car/storage/postgres/car.go:147.112,164.22 3 1
rent-car/storage/postgres/car.go:164.22,166.3 1 1
rent-car/storage/postgres/car.go:168.2,184.16 4 1
rent-car/storage/postgres/car.go:184.16,186.3 1 0
rent-car/storage/postgres/car.go:187.2,189.18 2 1
rent-car/storage/postgres/car.go:189.18,205.17 3 1
rent-car/storage/postgres/car.go:205.17,207.4 1 0
rent-car/storage/postgres/car.go:209.3,220.5 1 1
rent-car/storage/postgres/car.go:223.2,225.16 3 1
rent-car/storage/postgres/car.go:225.16,227.3 1 0
rent-car/storage/postgres/car.go:229.2,229.18 1 1
rent-car/storage/postgres/car.go:232.130,249.22 3 1
rent-car/storage/postgres/car.go:249.22,251.3 1 1
rent-car/storage/postgres/car.go:253.2,275.16 4 1
rent-car/storage/postgres/car.go:275.16,277.3 1 0
rent-car/storage/postgres/car.go:278.2,280.18 2 1
rent-car/storage/postgres/car.go:280.18,295.17 3 1
rent-car/storage/postgres/car.go:295.17,297.4 1 0
rent-car/storage/postgres/car.go:299.3,310.5 1 1
rent-car/storage/postgres/car.go:313.2,316.16 4 1
rent-car/storage/postgres/car.go:316.16,318.3 1 0
rent-car/storage/postgres/car.go:320.2,320.18 1 1
rent-car/storage/postgres/car.go:323.64,327.16 3 1
rent-car/storage/postgres/car.go:327.16,329.3 1 0
rent-car/storage/postgres/car.go:331.2,331.12 1 1
rent-car/storage/postgres/car.go:334.68,338.16 3 1
rent-car/storage/postgres/car.go:338.16,340.3 1 0
rent-car/storage/postgres/car.go:342.2,342.12 1 1
rent-car/storage/postgres/customer.go:18.53,22.2 1 1
rent-car/storage/postgres/customer.go:24.100,49.16 4 1
rent-car/storage/postgres/customer.go:49.16,51.3 1 0
rent-car/storage/postgres/customer.go:53.2,53.16 1 1
rent-car/storage/postgres/customer.go:56.111,76.16 3 1
rent-car/storage/postgres/customer.go:76.16,78.3 1 0
rent-car/storage/postgres/customer.go:80.2,80.16 1 1
rent-car/storage/postgres/customer.go:83.89,124.16 6 1
rent-car/storage/postgres/customer.go:124.16,126.3 1 1
rent-car/storage/postgres/customer.go:128.2,148.16 10 1
rent-car/storage/postgres/customer.go:148.16,150.3 1 0
rent-car/storage/postgres/customer.go:151.2,163.18 3 1
rent-car/storage/postgres/customer.go:163.18,183.17 9 0
rent-car/storage/postgres/customer.go:183.17,185.4 1 0
rent-car/storage/postgres/customer.go:188.2,196.16 4 1
rent-car/storage/postgres/customer.go:196.16,198.3 1 0
rent-car/storage/postgres/customer.go:200.2,208.16 4 1
rent-car/storage/postgres/customer.go:208.16,210.3 1 0
rent-car/storage/postgres/customer.go:212.2,212.22 1 1
rent-car/storage/postgres/customer.go:215.127,230.22 3 1
rent-car/storage/postgres/customer.go:230.22,232.3 1 1
rent-car/storage/postgres/customer.go:234.2,248.16 4 1
rent-car/storage/postgres/customer.go:248.16,250.3 1 0
rent-car/storage/postgres/customer.go:251.2,253.18 2 1
rent-car/storage/postgres/customer.go:253.18,266.17 3 1
rent-car/storage/postgres/customer.go:266.17,268.4 1 0
rent-car/storage/postgres/customer.go:270.3,286.17 5 1
rent-car/storage/postgres/customer.go:286.17,288.4 1 0
rent-car/storage/postgres/customer.go:289.3,303.24 3 1
rent-car/storage/postgres/customer.go:303.24,322.18 9 0
rent-car/storage/postgres/customer.go:322.18,324.5 1 0
rent-car/storage/postgres/customer.go:326.4,326.34 1 0
rent-car/storage/postgres/customer.go:329.3,331.29 2 1
rent-car/storage/postgres/customer.go:331.29,335.18 4 0
rent-car/storage/postgres/customer.go:335.18,337.5 1 0
rent-car/storage/postgres/customer.go:340.3,343.17 4 1
rent-car/storage/postgres/customer.go:343.17,345.4 1 0
rent-car/storage/postgres/customer.go:347.3,347.52 1 1
rent-car/storage/postgres/customer.go:350.2,353.16 4 1
rent-car/storage/postgres/customer.go:353.16,355.3 1 0
rent-car/storage/postgres/customer.go:357.2,357.18 1 1
rent-car/storage/postgres/customer.go:360.139,368.13 2 1
rent-car/storage/postgres/customer.go:368.13,379.3 2 1
rent-car/storage/postgres/customer.go:379.8,391.3 2 1
rent-car/storage/postgres/customer.go:395.2,396.16 2 1
rent-car/storage/postgres/customer.go:396.16,398.3 1 0
rent-car/storage/postgres/customer.go:399.2,401.18 2 1
rent-car/storage/postgres/customer.go:401.18,419.17 3 1
rent-car/storage/postgres/customer.go:419.17,421.4 1 0
rent-car/storage/postgres/customer.go:423.3,424.17 2 1
rent-car/storage/postgres/customer.go:424.17,427.4 2 0
rent-car/storage/postgres/customer.go:429.3,429.18 1 1
rent-car/storage/postgres/customer.go:429.18,431.4 1 0
rent-car/storage/postgres/customer.go:431.9,433.4 1 1
rent-car/storage/postgres/customer.go:435.3,435.61 1 1
rent-car/storage/postgres/customer.go:438.2,440.13 2 1
rent-car/storage/postgres/customer.go:440.13,447.3 2 1
rent-car/storage/postgres/customer.go:447.8,455.3 2 1
rent-car/storage/postgres/customer.go:457.2,458.16 2 1
rent-car/storage/postgres/customer.go:458.16,460.3 1 0
rent-car/storage/postgres/customer.go:462.2,462.18 1 1
rent-car/storage/postgres/customer.go:465.69,469.16 3 1
rent-car/storage/postgres/customer.go:469.16,471.3 1 0
rent-car/storage/postgres/customer.go:473.2,473.12 1 1
rent-car/storage/postgres/customer.go:476.60,478.16 2 1
rent-car/storage/postgres/customer.go:478.16,480.3 1 0
rent-car/storage/postgres/customer.go:482.2,483.16 2 1
rent-car/storage/postgres/customer.go:483.16,485.3 1 0
rent-car/storage/postgres/customer.go:487.2,488.22 2 1
rent-car/storage/postgres/customer.go:491.73,495.16 3 1
rent-car/storage/postgres/customer.go:495.16,497.3 1 0
rent-car/storage/postgres/customer.go:499.2,499.12 1 1
rent-car/storage/postgres/order.go:17.47,21.2 1 1
rent-car/storage/postgres/order.go:23.91,48.16 4 1
rent-car/storage/postgres/order.go:48.16,50.3 1 0
rent-car/storage/postgres/order.go:52.2,52.16 1 1
rent-car/storage/postgres/order.go:55.91,76.16 3 1
rent-car/storage/postgres/order.go:76.16,78.3 1 0
rent-car/storage/postgres/order.go:80.2,80.22 1 1
rent-car/storage/postgres/order.go:83.94,144.16 5 1
rent-car/storage/postgres/order.go:144.16,146.3 1 1
rent-car/storage/postgres/order.go:148.2,170.19 9 1
rent-car/storage/postgres/order.go:173.118,182.22 3 1
rent-car/storage/postgres/order.go:182.22,184.3 1 1
rent-car/storage/postgres/order.go:186.2,214.16 4 1
rent-car/storage/postgres/order.go:214.16,216.3 1 0
rent-car/storage/postgres/order.go:217.2,219.18 2 1
rent-car/storage/postgres/order.go:219.18,260.17 4 1
rent-car/storage/postgres/order.go:260.17,262.4 1 0
rent-car/storage/postgres/order.go:264.3,278.43 14 1
rent-car/storage/postgres/order.go:281.2,281.34 1 1
rent-car/storage/postgres/order.go:281.34,283.3 1 0
rent-car/storage/postgres/order.go:285.2,288.16 4 1
rent-car/storage/postgres/order.go:288.16,290.3 1 0
rent-car/storage/postgres/order.go:292.2,292.18 1 1
rent-car/storage/postgres/order.go:295.66,299.16 3 1
rent-car/storage/postgres/order.go:299.16,301.3 1 0
rent-car/storage/postgres/order.go:303.2,303.12 1 1
rent-car/storage/postgres/order.go:306.70,310.16 3 1
rent-car/storage/postgres/order.go:310.16,312.3 1 0
rent-car/storage/postgres/order.go:314.2,314.12 1 1
rent-car/storage/postgres/postgres.go:18.76,23.16 3 0
rent-car/storage/postgres/postgres.go:23.16,25.3 1 0
rent-car/storage/postgres/postgres.go:27.2,31.16 4 0
rent-car/storage/postgres/postgres.go:31.16,34.3 2 0
rent-car/storage/postgres/postgres.go:36.2,38.8 1 0
rent-car/storage/postgres/postgres.go:41.26,43.2 1 0
rent-car/storage/postgres/postgres.go:45.42,49.2 2 0
rent-car/storage/postgres/postgres.go:51.52,55.2 2 0
rent-car/storage/postgres/postgres.go:57.46,61.2 2 0
